-------------------------------------------------------------------------------
Test set: com.demo.spring.JpaBootApp1ApplicationTests
-------------------------------------------------------------------------------
Tests run: 1, Failures: 0, Errors: 1, Skipped: 0, Time elapsed: 2.729 s <<< FAILURE! - in com.demo.spring.JpaBootApp1ApplicationTests
contextLoads(com.demo.spring.JpaBootApp1ApplicationTests)  Time elapsed: 0.001 s  <<< ERROR!
java.lang.IllegalStateException: Failed to load ApplicationContext
Caused by: java.lang.IllegalStateException: Failed to execute CommandLineRunner
Caused by: java.lang.IllegalArgumentException: Unknown entity: com.demo.spring.entity.Emp

